This file contains any messages produced by compilers while
running configure, to aid debugging if configure makes a mistake.

It was created by CitcomS configure 3.0.3, which was
generated by GNU Autoconf 2.69.  Invocation command line was

  $ ./configure 

## --------- ##
## Platform. ##
## --------- ##

hostname = login02
uname -m = x86_64
uname -r = 3.10.0-862.el7.x86_64
uname -s = Linux
uname -v = #1 SMP Wed Mar 21 18:14:51 EDT 2018

/usr/bin/uname -p = x86_64
/bin/uname -X     = unknown

/bin/arch              = x86_64
/usr/bin/arch -k       = unknown
/usr/convex/getsysinfo = unknown
/usr/bin/hostinfo      = unknown
/bin/machine           = unknown
/usr/bin/oslevel       = unknown
/bin/universe          = unknown

PATH: /work/ess-zhangj/code/python.2.6.9/bin
PATH: /work/ess-zhangj/code/python.2.6.9/bin
PATH: /work/ess-zhangj/code/python.2.6.9/bin
PATH: /work/ess-zhangj/code/python2.6.9/bin
PATH: /work/ess-zhangj/code/gmt4/bin
PATH: /share/base/netcdf-c/4.7.4_intel/bin
PATH: /share/base/hdf5/1.10.4-parallel-intel-18.4/bin
PATH: /share/base/zlib/1.2.11-gcc-4.8.5/bin
PATH: /share/intel/2018u4/compilers_and_libraries_2018.5.274/linux/mpi/intel64/bin
PATH: /share/intel/2018u4/compilers_and_libraries_2018.5.274/linux/bin/intel64
PATH: /share/base/jube/2.2.1/bin
PATH: /share/base/ior/3.1.0/bin
PATH: /share/base/collectl/4.3.0/
PATH: /share/base/iozone/3.482/bin
PATH: /share/base/pdsh/2.33/bin
PATH: /usr/lib64/qt-3.3/bin
PATH: /opt/lenovo/onecli
PATH: /opt/ibm/lsf/10.1/linux3.10-glibc2.17-x86_64/etc
PATH: /opt/ibm/lsf/10.1/linux3.10-glibc2.17-x86_64/bin
PATH: /usr/lpp/mmfs/bin
PATH: /share/base/bin
PATH: /usr/local/bin
PATH: /usr/bin
PATH: /usr/local/sbin
PATH: /usr/sbin
PATH: /work/ess-zhangj/.local/bin
PATH: /work/ess-zhangj/bin
PATH: /work/ess-zhangj/code/global_assimilation_phd_initial_slabs_craton_lower_mantle/visual
PATH: /work/ess-zhangj/code/global_assimilation_phd_initial_slabs_craton_lower_mantle_clennett2019_v3/
PATH: /work/ess-zhangj/code/global_assimilation_phd_initial_slabs_craton_lower_mantle_clennett2019_v3/
PATH: /work/ess-zhangj/code/global_assimilation_phd_initial_slabs_craton_lower_mantle_clennett2019_v3/


## ----------- ##
## Core tests. ##
## ----------- ##

configure:2761: checking for a BSD-compatible install
configure:2829: result: /usr/bin/install -c
configure:2840: checking whether build environment is sane
configure:2877: result: yes
configure:2939: checking for gawk
configure:2955: found /usr/bin/gawk
configure:2966: result: gawk
configure:2977: checking whether make sets $(MAKE)
configure:2999: result: yes
configure:3268: checking for a Python interpreter with version >= 2.3
configure:3283: python -c import sys, string # split strings by '.' and convert to numeric. Append some zeros # because we need at least 4 digits for the hex conversion. minver = map(int, string.split('2.3', '.')) + [0, 0, 0] minverhex = 0 for i in xrange(0, 4): minverhex = (minverhex << 8) + minver[i] sys.exit(sys.hexversion < minverhex)
configure:3286: $? = 0
configure:3292: result: python
configure:3300: checking for python
configure:3318: found /work/ess-zhangj/code/python2.6.9/bin/python
configure:3330: result: /work/ess-zhangj/code/python2.6.9/bin/python
configure:3348: checking for python version
configure:3355: result: 2.6
configure:3367: checking for python platform
configure:3374: result: linux3
configure:3381: checking for python script directory
configure:3389: result: ${prefix}/lib/python2.6/site-packages
configure:3398: checking for python extension module directory
configure:3406: result: ${exec_prefix}/lib/python2.6/site-packages
configure:3422: checking python sysconfig
configure:3503: result: ok
configure:3551: downloading missing Python dependencies
configure:3554: /work/ess-zhangj/code/python2.6.9/bin/python setup.py install_deps -f /work/ess-zhangj/code/global_assimilation_phd_initial_slabs_craton_lower_mantle_clennett2019_v3/deps -zmxd /work/ess-zhangj/code/global_assimilation_phd_initial_slabs_craton_lower_mantle_clennett2019_v3/deps >&5 2>&5
/work/ess-zhangj/code/global_assimilation_phd_initial_slabs_craton_lower_mantle_clennett2019_v3/python/merlin-1.6.egg/merlin/__init__.py:175: DeprecationWarning: the sets module is deprecated
  from sets import ImmutableSet
/work/ess-zhangj/code/global_assimilation_phd_initial_slabs_craton_lower_mantle_clennett2019_v3/python/merlin-1.6.egg/merlin/package_index.py:7: DeprecationWarning: the md5 module is deprecated; use hashlib instead
  from md5 import md5
running install_deps
Checking .pth file support in /work/ess-zhangj/code/global_assimilation_phd_initial_slabs_craton_lower_mantle_clennett2019_v3/deps
/work/ess-zhangj/code/python2.6.9/bin/python -E -c pass
running egg_info
writing requirements to CitcomS.egg-info/requires.txt
writing CitcomS.egg-info/PKG-INFO
writing top-level names to CitcomS.egg-info/top_level.txt
writing dependency_links to CitcomS.egg-info/dependency_links.txt
reading manifest file 'CitcomS.egg-info/SOURCES.txt'
writing manifest file 'CitcomS.egg-info/SOURCES.txt'

Installed /work/ess-zhangj/code/global_assimilation_phd_initial_slabs_craton_lower_mantle_clennett2019_v3

Because this distribution was installed --multi-version, before you can
import modules from this package in an application, you will need to
'import merlin' and then use a 'require()' call similar to one of
these examples, in order to select the desired version:

    merlin.require("CitcomS")  # latest installed version
    merlin.require("CitcomS==3.0")  # this exact version
    merlin.require("CitcomS>=3.0")  # this version or higher


Note also that the installation directory must be on sys.path at runtime for
this to work.  (e.g. by being the application's script directory, by being on
PYTHONPATH, or by being added to sys.path by your code.)

Processing dependencies for CitcomS==3.0
configure:3557: $? = 0
configure:3567: building Python dependencies
configure:3570: /work/ess-zhangj/code/python2.6.9/bin/python setup.py develop -H None -f /work/ess-zhangj/code/global_assimilation_phd_initial_slabs_craton_lower_mantle_clennett2019_v3/deps -x -d /work/ess-zhangj/code/global_assimilation_phd_initial_slabs_craton_lower_mantle_clennett2019_v3/python >&5 2>&5
/work/ess-zhangj/code/global_assimilation_phd_initial_slabs_craton_lower_mantle_clennett2019_v3/python/merlin-1.6.egg/merlin/__init__.py:175: DeprecationWarning: the sets module is deprecated
  from sets import ImmutableSet
/work/ess-zhangj/code/global_assimilation_phd_initial_slabs_craton_lower_mantle_clennett2019_v3/python/merlin-1.6.egg/merlin/package_index.py:7: DeprecationWarning: the md5 module is deprecated; use hashlib instead
  from md5 import md5
running develop
Checking .pth file support in /work/ess-zhangj/code/global_assimilation_phd_initial_slabs_craton_lower_mantle_clennett2019_v3/python
/work/ess-zhangj/code/python2.6.9/bin/python -E -c pass
running egg_info
writing requirements to CitcomS.egg-info/requires.txt
writing CitcomS.egg-info/PKG-INFO
writing top-level names to CitcomS.egg-info/top_level.txt
writing dependency_links to CitcomS.egg-info/dependency_links.txt
reading manifest file 'CitcomS.egg-info/SOURCES.txt'
writing manifest file 'CitcomS.egg-info/SOURCES.txt'
running build_ext
Creating /work/ess-zhangj/code/global_assimilation_phd_initial_slabs_craton_lower_mantle_clennett2019_v3/python/CitcomS.egg-link (link to .)
Adding CitcomS 3.0 to merlin-install.pth file

Installed /work/ess-zhangj/code/global_assimilation_phd_initial_slabs_craton_lower_mantle_clennett2019_v3
Processing dependencies for CitcomS==3.0
configure:3573: $? = 0
configure:3583: checking for egg-related flags
configure:3586: /work/ess-zhangj/code/python2.6.9/bin/python setup.py egg_flags >&5 2>&5
/work/ess-zhangj/code/global_assimilation_phd_initial_slabs_craton_lower_mantle_clennett2019_v3/python/merlin-1.6.egg/merlin/__init__.py:175: DeprecationWarning: the sets module is deprecated
  from sets import ImmutableSet
running egg_flags
configure:3589: $? = 0
configure:3591: result: ok
configure:3679: checking for mpicc
configure:3695: found /share/intel/2018u4/compilers_and_libraries_2018.5.274/linux/mpi/intel64/bin/mpicc
configure:3706: result: mpicc
configure:3737: checking for C compiler version
configure:3746: mpicc --version >&5
gcc (GCC) 4.8.5 20150623 (Red Hat 4.8.5-44)
Copyright (C) 2015 Free Software Foundation, Inc.
This is free software; see the source for copying conditions.  There is NO
warranty; not even for MERCHANTABILITY or FITNESS FOR A PARTICULAR PURPOSE.

configure:3757: $? = 0
configure:3746: mpicc -v >&5
mpigcc for the Intel(R) MPI Library 2018 Update 4 for Linux*
Copyright(C) 2003-2018, Intel Corporation.  All rights reserved.
Using built-in specs.
COLLECT_GCC=gcc
COLLECT_LTO_WRAPPER=/usr/libexec/gcc/x86_64-redhat-linux/4.8.5/lto-wrapper
Target: x86_64-redhat-linux
Configured with: ../configure --prefix=/usr --mandir=/usr/share/man --infodir=/usr/share/info --with-bugurl=http://bugzilla.redhat.com/bugzilla --enable-bootstrap --enable-shared --enable-threads=posix --enable-checking=release --with-system-zlib --enable-__cxa_atexit --disable-libunwind-exceptions --enable-gnu-unique-object --enable-linker-build-id --with-linker-hash-style=gnu --enable-languages=c,c++,objc,obj-c++,java,fortran,ada,go,lto --enable-plugin --enable-initfini-array --disable-libgcj --with-isl=/builddir/build/BUILD/gcc-4.8.5-20150702/obj-x86_64-redhat-linux/isl-install --with-cloog=/builddir/build/BUILD/gcc-4.8.5-20150702/obj-x86_64-redhat-linux/cloog-install --enable-gnu-indirect-function --with-tune=generic --with-arch_32=x86-64 --build=x86_64-redhat-linux
Thread model: posix
gcc version 4.8.5 20150623 (Red Hat 4.8.5-44) (GCC) 
configure:3757: $? = 0
configure:3746: mpicc -V >&5
gcc: error: unrecognized command line option '-V'
configure:3757: $? = 1
configure:3746: mpicc -qversion >&5
gcc: error: unrecognized command line option '-qversion'
configure:3757: $? = 1
configure:3777: checking whether the C compiler works
configure:3799: mpicc    conftest.c  >&5
configure:3803: $? = 0
configure:3851: result: yes
configure:3854: checking for C compiler default output file name
configure:3856: result: a.out
configure:3862: checking for suffix of executables
configure:3869: mpicc -o conftest    conftest.c  >&5
configure:3873: $? = 0
configure:3895: result: 
configure:3917: checking whether we are cross compiling
configure:3925: mpicc -o conftest    conftest.c  >&5
configure:3929: $? = 0
configure:3936: ./conftest
configure:3940: $? = 0
configure:3955: result: no
configure:3960: checking for suffix of object files
configure:3982: mpicc -c   conftest.c >&5
configure:3986: $? = 0
configure:4007: result: o
configure:4011: checking whether we are using the GNU C compiler
configure:4030: mpicc -c   conftest.c >&5
configure:4030: $? = 0
configure:4039: result: yes
configure:4048: checking whether mpicc accepts -g
configure:4068: mpicc -c -g  conftest.c >&5
configure:4068: $? = 0
configure:4109: result: yes
configure:4126: checking for mpicc option to accept ISO C89
configure:4189: mpicc  -c -g -O2  conftest.c >&5
configure:4189: $? = 0
configure:4202: result: none needed
configure:4233: checking for style of include used by make
configure:4261: result: GNU
configure:4289: checking dependency style of mpicc
configure:4379: result: gcc3
configure:4454: checking for mpicxx
configure:4470: found /share/intel/2018u4/compilers_and_libraries_2018.5.274/linux/mpi/intel64/bin/mpicxx
configure:4481: result: mpicxx
configure:4508: checking for C++ compiler version
configure:4517: mpicxx --version >&5
g++ (GCC) 4.8.5 20150623 (Red Hat 4.8.5-44)
Copyright (C) 2015 Free Software Foundation, Inc.
This is free software; see the source for copying conditions.  There is NO
warranty; not even for MERCHANTABILITY or FITNESS FOR A PARTICULAR PURPOSE.

configure:4528: $? = 0
configure:4517: mpicxx -v >&5
mpigxx for the Intel(R) MPI Library 2018 Update 4 for Linux*
Copyright(C) 2003-2018, Intel Corporation.  All rights reserved.
Using built-in specs.
COLLECT_GCC=g++
COLLECT_LTO_WRAPPER=/usr/libexec/gcc/x86_64-redhat-linux/4.8.5/lto-wrapper
Target: x86_64-redhat-linux
Configured with: ../configure --prefix=/usr --mandir=/usr/share/man --infodir=/usr/share/info --with-bugurl=http://bugzilla.redhat.com/bugzilla --enable-bootstrap --enable-shared --enable-threads=posix --enable-checking=release --with-system-zlib --enable-__cxa_atexit --disable-libunwind-exceptions --enable-gnu-unique-object --enable-linker-build-id --with-linker-hash-style=gnu --enable-languages=c,c++,objc,obj-c++,java,fortran,ada,go,lto --enable-plugin --enable-initfini-array --disable-libgcj --with-isl=/builddir/build/BUILD/gcc-4.8.5-20150702/obj-x86_64-redhat-linux/isl-install --with-cloog=/builddir/build/BUILD/gcc-4.8.5-20150702/obj-x86_64-redhat-linux/cloog-install --enable-gnu-indirect-function --with-tune=generic --with-arch_32=x86-64 --build=x86_64-redhat-linux
Thread model: posix
gcc version 4.8.5 20150623 (Red Hat 4.8.5-44) (GCC) 
configure:4528: $? = 0
configure:4517: mpicxx -V >&5
g++: error: unrecognized command line option '-V'
configure:4528: $? = 1
configure:4517: mpicxx -qversion >&5
g++: error: unrecognized command line option '-qversion'
configure:4528: $? = 1
configure:4532: checking whether we are using the GNU C++ compiler
configure:4551: mpicxx -c   conftest.cpp >&5
configure:4551: $? = 0
configure:4560: result: yes
configure:4569: checking whether mpicxx accepts -g
configure:4589: mpicxx -c -g  conftest.cpp >&5
configure:4589: $? = 0
configure:4630: result: yes
configure:4655: checking dependency style of mpicxx
configure:4745: result: gcc3
configure:4771: creating pyconfig
configure:4912: checking build system type
configure:4926: result: x86_64-unknown-linux-gnu
configure:4946: checking host system type
configure:4959: result: x86_64-unknown-linux-gnu
configure:4979: checking for a sed that does not truncate output
configure:5033: result: /usr/bin/sed
configure:5036: checking for grep that handles long lines and -e
configure:5094: result: /usr/bin/grep
configure:5099: checking for egrep
configure:5161: result: /usr/bin/grep -E
configure:5177: checking for ld used by mpicc
configure:5244: result: /usr/bin/ld
configure:5251: checking if the linker (/usr/bin/ld) is GNU ld
configure:5266: result: yes
configure:5271: checking for /usr/bin/ld option to reload object files
configure:5278: result: -r
configure:5287: checking for BSD-compatible nm
configure:5329: result: /usr/bin/nm -B
configure:5333: checking whether ln -s works
configure:5337: result: yes
configure:5344: checking how to recognise dependent libraries
configure:5527: result: pass_all
configure:5612: mpicc -c -g -O2  conftest.c >&5
configure:5615: $? = 0
configure:5713: checking how to run the C preprocessor
configure:5744: mpicc -E  conftest.c
configure:5744: $? = 0
configure:5758: mpicc -E  conftest.c
conftest.c:11:28: fatal error: ac_nonexistent.h: No such file or directory
 #include <ac_nonexistent.h>
                            ^
compilation terminated.
configure:5758: $? = 1
configure: failed program was:
| /* confdefs.h */
| #define PACKAGE_NAME "CitcomS"
| #define PACKAGE_TARNAME "CitcomS"
| #define PACKAGE_VERSION "3.0.3"
| #define PACKAGE_STRING "CitcomS 3.0.3"
| #define PACKAGE_BUGREPORT "cig-mc@geodynamics.org"
| #define PACKAGE_URL ""
| #define PACKAGE "CitcomS"
| #define VERSION "3.0.3"
| /* end confdefs.h.  */
| #include <ac_nonexistent.h>
configure:5783: result: mpicc -E
configure:5803: mpicc -E  conftest.c
configure:5803: $? = 0
configure:5817: mpicc -E  conftest.c
conftest.c:11:28: fatal error: ac_nonexistent.h: No such file or directory
 #include <ac_nonexistent.h>
                            ^
compilation terminated.
configure:5817: $? = 1
configure: failed program was:
| /* confdefs.h */
| #define PACKAGE_NAME "CitcomS"
| #define PACKAGE_TARNAME "CitcomS"
| #define PACKAGE_VERSION "3.0.3"
| #define PACKAGE_STRING "CitcomS 3.0.3"
| #define PACKAGE_BUGREPORT "cig-mc@geodynamics.org"
| #define PACKAGE_URL ""
| #define PACKAGE "CitcomS"
| #define VERSION "3.0.3"
| /* end confdefs.h.  */
| #include <ac_nonexistent.h>
configure:5846: checking for ANSI C header files
configure:5866: mpicc -c -g -O2  conftest.c >&5
configure:5866: $? = 0
configure:5939: mpicc -o conftest -g -O2   conftest.c  >&5
configure:5939: $? = 0
configure:5939: ./conftest
configure:5939: $? = 0
configure:5950: result: yes
configure:5963: checking for sys/types.h
configure:5963: mpicc -c -g -O2  conftest.c >&5
configure:5963: $? = 0
configure:5963: result: yes
configure:5963: checking for sys/stat.h
configure:5963: mpicc -c -g -O2  conftest.c >&5
configure:5963: $? = 0
configure:5963: result: yes
configure:5963: checking for stdlib.h
configure:5963: mpicc -c -g -O2  conftest.c >&5
configure:5963: $? = 0
configure:5963: result: yes
configure:5963: checking for string.h
configure:5963: mpicc -c -g -O2  conftest.c >&5
configure:5963: $? = 0
configure:5963: result: yes
configure:5963: checking for memory.h
configure:5963: mpicc -c -g -O2  conftest.c >&5
configure:5963: $? = 0
configure:5963: result: yes
configure:5963: checking for strings.h
configure:5963: mpicc -c -g -O2  conftest.c >&5
configure:5963: $? = 0
configure:5963: result: yes
configure:5963: checking for inttypes.h
configure:5963: mpicc -c -g -O2  conftest.c >&5
configure:5963: $? = 0
configure:5963: result: yes
configure:5963: checking for stdint.h
configure:5963: mpicc -c -g -O2  conftest.c >&5
configure:5963: $? = 0
configure:5963: result: yes
configure:5963: checking for unistd.h
configure:5963: mpicc -c -g -O2  conftest.c >&5
configure:5963: $? = 0
configure:5963: result: yes
configure:5977: checking dlfcn.h usability
configure:5977: mpicc -c -g -O2  conftest.c >&5
configure:5977: $? = 0
configure:5977: result: yes
configure:5977: checking dlfcn.h presence
configure:5977: mpicc -E  conftest.c
configure:5977: $? = 0
configure:5977: result: yes
configure:5977: checking for dlfcn.h
configure:5977: result: yes
configure:5992: checking how to run the C++ preprocessor
configure:6019: mpicxx -E  conftest.cpp
configure:6019: $? = 0
configure:6033: mpicxx -E  conftest.cpp
conftest.cpp:22:28: fatal error: ac_nonexistent.h: No such file or directory
 #include <ac_nonexistent.h>
                            ^
compilation terminated.
configure:6033: $? = 1
configure: failed program was:
| /* confdefs.h */
| #define PACKAGE_NAME "CitcomS"
| #define PACKAGE_TARNAME "CitcomS"
| #define PACKAGE_VERSION "3.0.3"
| #define PACKAGE_STRING "CitcomS 3.0.3"
| #define PACKAGE_BUGREPORT "cig-mc@geodynamics.org"
| #define PACKAGE_URL ""
| #define PACKAGE "CitcomS"
| #define VERSION "3.0.3"
| #define STDC_HEADERS 1
| #define HAVE_SYS_TYPES_H 1
| #define HAVE_SYS_STAT_H 1
| #define HAVE_STDLIB_H 1
| #define HAVE_STRING_H 1
| #define HAVE_MEMORY_H 1
| #define HAVE_STRINGS_H 1
| #define HAVE_INTTYPES_H 1
| #define HAVE_STDINT_H 1
| #define HAVE_UNISTD_H 1
| #define HAVE_DLFCN_H 1
| /* end confdefs.h.  */
| #include <ac_nonexistent.h>
configure:6058: result: mpicxx -E
configure:6078: mpicxx -E  conftest.cpp
configure:6078: $? = 0
configure:6092: mpicxx -E  conftest.cpp
conftest.cpp:22:28: fatal error: ac_nonexistent.h: No such file or directory
 #include <ac_nonexistent.h>
                            ^
compilation terminated.
configure:6092: $? = 1
configure: failed program was:
| /* confdefs.h */
| #define PACKAGE_NAME "CitcomS"
| #define PACKAGE_TARNAME "CitcomS"
| #define PACKAGE_VERSION "3.0.3"
| #define PACKAGE_STRING "CitcomS 3.0.3"
| #define PACKAGE_BUGREPORT "cig-mc@geodynamics.org"
| #define PACKAGE_URL ""
| #define PACKAGE "CitcomS"
| #define VERSION "3.0.3"
| #define STDC_HEADERS 1
| #define HAVE_SYS_TYPES_H 1
| #define HAVE_SYS_STAT_H 1
| #define HAVE_STDLIB_H 1
| #define HAVE_STRING_H 1
| #define HAVE_MEMORY_H 1
| #define HAVE_STRINGS_H 1
| #define HAVE_INTTYPES_H 1
| #define HAVE_STDINT_H 1
| #define HAVE_UNISTD_H 1
| #define HAVE_DLFCN_H 1
| /* end confdefs.h.  */
| #include <ac_nonexistent.h>
configure:6126: checking the maximum length of command line arguments
configure:6191: result: 32768
configure:6202: checking command to parse /usr/bin/nm -B output from mpicc object
configure:6291: mpicxx -c -g -O2  conftest.cpp >&5
configure:6294: $? = 0
configure:6298: /usr/bin/nm -B conftest.o \| sed -n -e 's/^.*[ 	]\([ABCDGIRSTW][ABCDGIRSTW]*\)[ 	][ 	]*\(\)\([_A-Za-z][_A-Za-z0-9]*\)$/\1 \2\3 \3/p' \> conftest.nm
configure:6301: $? = 0
configure:6353: mpicxx -o conftest -g -O2   conftest.cpp conftstm.o >&5
configure:6356: $? = 0
configure:6394: result: ok
configure:6398: checking for objdir
configure:6413: result: .libs
configure:6505: checking for ar
configure:6521: found /usr/bin/ar
configure:6532: result: ar
configure:6597: checking for ranlib
configure:6613: found /usr/bin/ranlib
configure:6624: result: ranlib
configure:6689: checking for strip
configure:6705: found /usr/bin/strip
configure:6716: result: strip
configure:6988: checking if mpicc static flag  works
configure:7011: result: yes
configure:7029: checking if mpicc supports -fno-rtti -fno-exceptions
configure:7047: mpicc -c -g -O2  -fno-rtti -fno-exceptions conftest.c >&5
cc1: warning: command line option '-fno-rtti' is valid for C++/ObjC++ but not for C [enabled by default]
configure:7051: $? = 0
configure:7062: result: no
configure:7077: checking for mpicc option to produce PIC
configure:7254: result: -fPIC
configure:7262: checking if mpicc PIC flag -fPIC works
configure:7280: mpicc -c -g -O2  -fPIC -DPIC conftest.c >&5
configure:7284: $? = 0
configure:7295: result: yes
configure:7319: checking if mpicc supports -c -o file.o
configure:7340: mpicc -c -g -O2  -o out/conftest2.o conftest.c >&5
configure:7344: $? = 0
configure:7364: result: yes
configure:7390: checking whether the mpicc linker (/usr/bin/ld -m elf_x86_64) supports shared libraries
configure:8180: result: yes
configure:8206: checking whether -lc should be explicitly linked in
configure:8211: mpicc -c -g -O2  conftest.c >&5
configure:8214: $? = 0
configure:8228: mpicc -shared conftest.o  -v -Wl,-soname -Wl,conftest -o conftest 2\>\&1 \| grep  -lc  \>/dev/null 2\>\&1
configure:8231: $? = 0
configure:8243: result: no
configure:8251: checking dynamic linker characteristics
configure:8617: mpicc -c -g -O2  conftest.c >&5
configure:8620: $? = 0
configure:8812: result: GNU/Linux ld.so
configure:8816: checking how to hardcode library paths into programs
configure:8841: result: immediate
configure:8855: checking whether stripping libraries is possible
configure:8860: result: yes
configure:9372: checking if libtool supports shared libraries
configure:9374: result: yes
configure:9377: checking whether to build shared libraries
configure:9435: result: yes
configure:9438: checking whether to build static libraries
configure:9442: result: yes
configure:9534: creating libtool
configure:10077: checking for ld used by mpicxx
configure:10144: result: /usr/bin/ld -m elf_x86_64
configure:10151: checking if the linker (/usr/bin/ld -m elf_x86_64) is GNU ld
configure:10166: result: yes
configure:10217: checking whether the mpicxx linker (/usr/bin/ld -m elf_x86_64) supports shared libraries
configure:10987: result: yes
configure:11005: mpicxx -c -g -O2  conftest.cc >&5
configure:11008: $? = 0
configure:11104: checking for mpicxx option to produce PIC
configure:11356: result: -fPIC
configure:11364: checking if mpicxx PIC flag -fPIC works
configure:11382: mpicxx -c -g -O2  -fPIC -DPIC conftest.cc >&5
configure:11386: $? = 0
configure:11397: result: yes
configure:11421: checking if mpicxx supports -c -o file.o
configure:11442: mpicxx -c -g -O2  -o out/conftest2.o conftest.cc >&5
configure:11446: $? = 0
configure:11466: result: yes
configure:11492: checking whether the mpicxx linker (/usr/bin/ld -m elf_x86_64) supports shared libraries
configure:11517: result: yes
configure:11588: checking dynamic linker characteristics
configure:11954: mpicxx -c -g -O2  conftest.cc >&5
configure:11957: $? = 0
configure:12149: result: GNU/Linux ld.so
configure:12153: checking how to hardcode library paths into programs
configure:12178: result: immediate
configure:12192: checking whether stripping libraries is possible
configure:12197: result: yes
configure:18726: checking for library containing MPI_Init
configure:18757: mpicc -o conftest -g -O2   conftest.c  >&5
configure:18757: $? = 0
configure:18774: result: none required
configure:18784: checking for library containing sqrt
configure:18815: mpicc -o conftest -g -O2   conftest.c  >&5
conftest.c:29:6: warning: conflicting types for built-in function 'sqrt' [enabled by default]
 char sqrt ();
      ^
/tmp/ccR0HRbl.o: In function `main':
/work/ess-zhangj/code/global_assimilation_phd_initial_slabs_craton_lower_mantle_clennett2019_v3/conftest.c:33: undefined reference to `sqrt'
collect2: error: ld returned 1 exit status
configure:18815: $? = 1
configure: failed program was:
| /* confdefs.h */
| #define PACKAGE_NAME "CitcomS"
| #define PACKAGE_TARNAME "CitcomS"
| #define PACKAGE_VERSION "3.0.3"
| #define PACKAGE_STRING "CitcomS 3.0.3"
| #define PACKAGE_BUGREPORT "cig-mc@geodynamics.org"
| #define PACKAGE_URL ""
| #define PACKAGE "CitcomS"
| #define VERSION "3.0.3"
| #define STDC_HEADERS 1
| #define HAVE_SYS_TYPES_H 1
| #define HAVE_SYS_STAT_H 1
| #define HAVE_STDLIB_H 1
| #define HAVE_STRING_H 1
| #define HAVE_MEMORY_H 1
| #define HAVE_STRINGS_H 1
| #define HAVE_INTTYPES_H 1
| #define HAVE_STDINT_H 1
| #define HAVE_UNISTD_H 1
| #define HAVE_DLFCN_H 1
| /* end confdefs.h.  */
| 
| /* Override any GCC internal prototype to avoid an error.
|    Use char because int might match the return type of a GCC
|    builtin and then its argument prototype would still apply.  */
| #ifdef __cplusplus
| extern "C"
| #endif
| char sqrt ();
| int
| main ()
| {
| return sqrt ();
|   ;
|   return 0;
| }
configure:18815: mpicc -o conftest -g -O2   conftest.c -lm   >&5
conftest.c:29:6: warning: conflicting types for built-in function 'sqrt' [enabled by default]
 char sqrt ();
      ^
configure:18815: $? = 0
configure:18832: result: -lm
configure:18848: checking for library containing H5Fopen
configure:18879: mpicc -o conftest -g -O2   conftest.c -lm  >&5
/tmp/ccx5s8OC.o: In function `main':
/work/ess-zhangj/code/global_assimilation_phd_initial_slabs_craton_lower_mantle_clennett2019_v3/conftest.c:33: undefined reference to `H5Fopen'
collect2: error: ld returned 1 exit status
configure:18879: $? = 1
configure: failed program was:
| /* confdefs.h */
| #define PACKAGE_NAME "CitcomS"
| #define PACKAGE_TARNAME "CitcomS"
| #define PACKAGE_VERSION "3.0.3"
| #define PACKAGE_STRING "CitcomS 3.0.3"
| #define PACKAGE_BUGREPORT "cig-mc@geodynamics.org"
| #define PACKAGE_URL ""
| #define PACKAGE "CitcomS"
| #define VERSION "3.0.3"
| #define STDC_HEADERS 1
| #define HAVE_SYS_TYPES_H 1
| #define HAVE_SYS_STAT_H 1
| #define HAVE_STDLIB_H 1
| #define HAVE_STRING_H 1
| #define HAVE_MEMORY_H 1
| #define HAVE_STRINGS_H 1
| #define HAVE_INTTYPES_H 1
| #define HAVE_STDINT_H 1
| #define HAVE_UNISTD_H 1
| #define HAVE_DLFCN_H 1
| /* end confdefs.h.  */
| 
| /* Override any GCC internal prototype to avoid an error.
|    Use char because int might match the return type of a GCC
|    builtin and then its argument prototype would still apply.  */
| #ifdef __cplusplus
| extern "C"
| #endif
| char H5Fopen ();
| int
| main ()
| {
| return H5Fopen ();
|   ;
|   return 0;
| }
configure:18879: mpicc -o conftest -g -O2   conftest.c -lhdf5  -lm  >&5
configure:18879: $? = 0
configure:18896: result: -lhdf5
configure:18920: checking for library containing H5Pset_dxpl_mpio
configure:18951: mpicc -o conftest -g -O2   conftest.c -lhdf5 -lm  >&5
/tmp/ccrBIbGU.o: In function `main':
/work/ess-zhangj/code/global_assimilation_phd_initial_slabs_craton_lower_mantle_clennett2019_v3/conftest.c:33: undefined reference to `H5Pset_dxpl_mpio'
collect2: error: ld returned 1 exit status
configure:18951: $? = 1
configure: failed program was:
| /* confdefs.h */
| #define PACKAGE_NAME "CitcomS"
| #define PACKAGE_TARNAME "CitcomS"
| #define PACKAGE_VERSION "3.0.3"
| #define PACKAGE_STRING "CitcomS 3.0.3"
| #define PACKAGE_BUGREPORT "cig-mc@geodynamics.org"
| #define PACKAGE_URL ""
| #define PACKAGE "CitcomS"
| #define VERSION "3.0.3"
| #define STDC_HEADERS 1
| #define HAVE_SYS_TYPES_H 1
| #define HAVE_SYS_STAT_H 1
| #define HAVE_STDLIB_H 1
| #define HAVE_STRING_H 1
| #define HAVE_MEMORY_H 1
| #define HAVE_STRINGS_H 1
| #define HAVE_INTTYPES_H 1
| #define HAVE_STDINT_H 1
| #define HAVE_UNISTD_H 1
| #define HAVE_DLFCN_H 1
| /* end confdefs.h.  */
| 
| /* Override any GCC internal prototype to avoid an error.
|    Use char because int might match the return type of a GCC
|    builtin and then its argument prototype would still apply.  */
| #ifdef __cplusplus
| extern "C"
| #endif
| char H5Pset_dxpl_mpio ();
| int
| main ()
| {
| return H5Pset_dxpl_mpio ();
|   ;
|   return 0;
| }
configure:18951: mpicc -o conftest -g -O2   conftest.c -lhdf5  -lhdf5 -lm  >&5
/tmp/cc1MfDh1.o: In function `main':
/work/ess-zhangj/code/global_assimilation_phd_initial_slabs_craton_lower_mantle_clennett2019_v3/conftest.c:33: undefined reference to `H5Pset_dxpl_mpio'
collect2: error: ld returned 1 exit status
configure:18951: $? = 1
configure: failed program was:
| /* confdefs.h */
| #define PACKAGE_NAME "CitcomS"
| #define PACKAGE_TARNAME "CitcomS"
| #define PACKAGE_VERSION "3.0.3"
| #define PACKAGE_STRING "CitcomS 3.0.3"
| #define PACKAGE_BUGREPORT "cig-mc@geodynamics.org"
| #define PACKAGE_URL ""
| #define PACKAGE "CitcomS"
| #define VERSION "3.0.3"
| #define STDC_HEADERS 1
| #define HAVE_SYS_TYPES_H 1
| #define HAVE_SYS_STAT_H 1
| #define HAVE_STDLIB_H 1
| #define HAVE_STRING_H 1
| #define HAVE_MEMORY_H 1
| #define HAVE_STRINGS_H 1
| #define HAVE_INTTYPES_H 1
| #define HAVE_STDINT_H 1
| #define HAVE_UNISTD_H 1
| #define HAVE_DLFCN_H 1
| /* end confdefs.h.  */
| 
| /* Override any GCC internal prototype to avoid an error.
|    Use char because int might match the return type of a GCC
|    builtin and then its argument prototype would still apply.  */
| #ifdef __cplusplus
| extern "C"
| #endif
| char H5Pset_dxpl_mpio ();
| int
| main ()
| {
| return H5Pset_dxpl_mpio ();
|   ;
|   return 0;
| }
configure:18968: result: no
configure:18978: WARNING: parallel HDF5 library not found; disabling HDF5 support
configure:18996: checking for PyExchanger_exchangeBoundedBox
configure:18996: mpicxx -o conftest -g -O2   conftest.c  -L/work/ess-zhangj/code/python2.6.9/lib/python2.6/config -lpython2.6 -lpthread -ldl -lutil  -lm -lhdf5 -lm  >&5
/tmp/ccLkliNa.o: In function `main':
/work/ess-zhangj/code/global_assimilation_phd_initial_slabs_craton_lower_mantle_clennett2019_v3/conftest.c:56: undefined reference to `PyExchanger_exchangeBoundedBox'
collect2: error: ld returned 1 exit status
configure:18996: $? = 1
configure: failed program was:
| /* confdefs.h */
| #define PACKAGE_NAME "CitcomS"
| #define PACKAGE_TARNAME "CitcomS"
| #define PACKAGE_VERSION "3.0.3"
| #define PACKAGE_STRING "CitcomS 3.0.3"
| #define PACKAGE_BUGREPORT "cig-mc@geodynamics.org"
| #define PACKAGE_URL ""
| #define PACKAGE "CitcomS"
| #define VERSION "3.0.3"
| #define STDC_HEADERS 1
| #define HAVE_SYS_TYPES_H 1
| #define HAVE_SYS_STAT_H 1
| #define HAVE_STDLIB_H 1
| #define HAVE_STRING_H 1
| #define HAVE_MEMORY_H 1
| #define HAVE_STRINGS_H 1
| #define HAVE_INTTYPES_H 1
| #define HAVE_STDINT_H 1
| #define HAVE_UNISTD_H 1
| #define HAVE_DLFCN_H 1
| /* end confdefs.h.  */
| /* Define PyExchanger_exchangeBoundedBox to an innocuous variant, in case <limits.h> declares PyExchanger_exchangeBoundedBox.
|    For example, HP-UX 11i <limits.h> declares gettimeofday.  */
| #define PyExchanger_exchangeBoundedBox innocuous_PyExchanger_exchangeBoundedBox
| 
| /* System header to define __stub macros and hopefully few prototypes,
|     which can conflict with char PyExchanger_exchangeBoundedBox (); below.
|     Prefer <limits.h> to <assert.h> if __STDC__ is defined, since
|     <limits.h> exists even on freestanding compilers.  */
| 
| #ifdef __STDC__
| # include <limits.h>
| #else
| # include <assert.h>
| #endif
| 
| #undef PyExchanger_exchangeBoundedBox
| 
| /* Override any GCC internal prototype to avoid an error.
|    Use char because int might match the return type of a GCC
|    builtin and then its argument prototype would still apply.  */
| #ifdef __cplusplus
| extern "C"
| #endif
| char PyExchanger_exchangeBoundedBox ();
| /* The GNU C library defines this for functions which it implements
|     to always fail with ENOSYS.  Some functions are actually named
|     something starting with __ and the normal name is an alias.  */
| #if defined __stub_PyExchanger_exchangeBoundedBox || defined __stub___PyExchanger_exchangeBoundedBox
| choke me
| #endif
| 
| int
| main ()
| {
| return PyExchanger_exchangeBoundedBox ();
|   ;
|   return 0;
| }
configure:18996: result: no
configure:19003: WARNING: Exchanger library not found; disabling Exchanger support
configure:19017: checking mpi.h usability
configure:19017: mpicc -c -g -O2  conftest.c >&5
configure:19017: $? = 0
configure:19017: result: yes
configure:19017: checking mpi.h presence
configure:19017: mpicc -E  conftest.c
configure:19017: $? = 0
configure:19017: result: yes
configure:19017: checking for mpi.h
configure:19017: result: yes
configure:19027: checking malloc.h usability
configure:19027: mpicc -c -g -O2  conftest.c >&5
configure:19027: $? = 0
configure:19027: result: yes
configure:19027: checking malloc.h presence
configure:19027: mpicc -E  conftest.c
configure:19027: $? = 0
configure:19027: result: yes
configure:19027: checking for malloc.h
configure:19027: result: yes
configure:19249: checking for library containing gzopen
configure:19280: mpicc -o conftest -g -O2   conftest.c -lhdf5 -lm  >&5
/usr/bin/ld: /tmp/cckTtZgA.o: undefined reference to symbol 'gzopen'
/share/base/zlib/1.2.11-gcc-4.8.5/lib/libz.so.1: error adding symbols: DSO missing from command line
collect2: error: ld returned 1 exit status
configure:19280: $? = 1
configure: failed program was:
| /* confdefs.h */
| #define PACKAGE_NAME "CitcomS"
| #define PACKAGE_TARNAME "CitcomS"
| #define PACKAGE_VERSION "3.0.3"
| #define PACKAGE_STRING "CitcomS 3.0.3"
| #define PACKAGE_BUGREPORT "cig-mc@geodynamics.org"
| #define PACKAGE_URL ""
| #define PACKAGE "CitcomS"
| #define VERSION "3.0.3"
| #define STDC_HEADERS 1
| #define HAVE_SYS_TYPES_H 1
| #define HAVE_SYS_STAT_H 1
| #define HAVE_STDLIB_H 1
| #define HAVE_STRING_H 1
| #define HAVE_MEMORY_H 1
| #define HAVE_STRINGS_H 1
| #define HAVE_INTTYPES_H 1
| #define HAVE_STDINT_H 1
| #define HAVE_UNISTD_H 1
| #define HAVE_DLFCN_H 1
| #define HAVE_MALLOC_H 1
| /* end confdefs.h.  */
| 
| /* Override any GCC internal prototype to avoid an error.
|    Use char because int might match the return type of a GCC
|    builtin and then its argument prototype would still apply.  */
| #ifdef __cplusplus
| extern "C"
| #endif
| char gzopen ();
| int
| main ()
| {
| return gzopen ();
|   ;
|   return 0;
| }
configure:19280: mpicc -o conftest -g -O2   conftest.c -lz  -lhdf5 -lm  >&5
configure:19280: $? = 0
configure:19297: result: -lz
configure:19459: creating ./config.status

## ---------------------- ##
## Running config.status. ##
## ---------------------- ##

This file was extended by CitcomS config.status 3.0.3, which was
generated by GNU Autoconf 2.69.  Invocation command line was

  CONFIG_FILES    = 
  CONFIG_HEADERS  = 
  CONFIG_LINKS    = 
  CONFIG_COMMANDS = 
  $ ./config.status 

on login02

config.status:913: creating Makefile
config.status:1016: WARNING:  'Makefile.in' seems to ignore the --datarootdir setting
config.status:913: creating bin/Makefile
config.status:1016: WARNING:  'bin/Makefile.in' seems to ignore the --datarootdir setting
config.status:913: creating CitcomS/Makefile
config.status:1016: WARNING:  'CitcomS/Makefile.in' seems to ignore the --datarootdir setting
config.status:913: creating etc/Makefile
config.status:1016: WARNING:  'etc/Makefile.in' seems to ignore the --datarootdir setting
config.status:913: creating examples/Makefile
config.status:913: creating lib/Makefile
config.status:1016: WARNING:  'lib/Makefile.in' seems to ignore the --datarootdir setting
config.status:913: creating module/Makefile
config.status:1016: WARNING:  'module/Makefile.in' seems to ignore the --datarootdir setting
config.status:913: creating module/Exchanger/Makefile
config.status:1016: WARNING:  'module/Exchanger/Makefile.in' seems to ignore the --datarootdir setting
config.status:913: creating tests/Makefile
config.status:1016: WARNING:  'tests/Makefile.in' seems to ignore the --datarootdir setting
config.status:913: creating visual/Makefile
config.status:1016: WARNING:  'visual/Makefile.in' seems to ignore the --datarootdir setting
config.status:913: creating visual/OpenDXMacro/Makefile
config.status:1016: WARNING:  'visual/OpenDXMacro/Makefile.in' seems to ignore the --datarootdir setting
config.status:913: creating config.h
config.status:1088: config.h is unchanged
config.status:1135: executing depfiles commands

## ---------------- ##
## Cache variables. ##
## ---------------- ##

ac_cv_build=x86_64-unknown-linux-gnu
ac_cv_c_compiler_gnu=yes
ac_cv_cxx_compiler_gnu=yes
ac_cv_env_CCC_set=
ac_cv_env_CCC_value=
ac_cv_env_CC_set=
ac_cv_env_CC_value=
ac_cv_env_CFLAGS_set=
ac_cv_env_CFLAGS_value=
ac_cv_env_CPPFLAGS_set=
ac_cv_env_CPPFLAGS_value=
ac_cv_env_CPP_set=
ac_cv_env_CPP_value=
ac_cv_env_CXXCPP_set=
ac_cv_env_CXXCPP_value=
ac_cv_env_CXXFLAGS_set=
ac_cv_env_CXXFLAGS_value=
ac_cv_env_CXX_set=
ac_cv_env_CXX_value=
ac_cv_env_LDFLAGS_set=
ac_cv_env_LDFLAGS_value=
ac_cv_env_LIBS_set=
ac_cv_env_LIBS_value=
ac_cv_env_PHDF5_HOME_set=
ac_cv_env_PHDF5_HOME_value=
ac_cv_env_PYTHONPATH_set=set
ac_cv_env_PYTHONPATH_value=/share/base/jube/2.2.1/lib/python2.7/site-packages
ac_cv_env_PYTHON_set=
ac_cv_env_PYTHON_value=
ac_cv_env_build_alias_set=
ac_cv_env_build_alias_value=
ac_cv_env_host_alias_set=
ac_cv_env_host_alias_value=
ac_cv_env_target_alias_set=
ac_cv_env_target_alias_value=
ac_cv_func_PyExchanger_exchangeBoundedBox=no
ac_cv_header_dlfcn_h=yes
ac_cv_header_inttypes_h=yes
ac_cv_header_malloc_h=yes
ac_cv_header_memory_h=yes
ac_cv_header_mpi_h=yes
ac_cv_header_stdc=yes
ac_cv_header_stdint_h=yes
ac_cv_header_stdlib_h=yes
ac_cv_header_string_h=yes
ac_cv_header_strings_h=yes
ac_cv_header_sys_stat_h=yes
ac_cv_header_sys_types_h=yes
ac_cv_header_unistd_h=yes
ac_cv_host=x86_64-unknown-linux-gnu
ac_cv_objext=o
ac_cv_path_EGREP='/usr/bin/grep -E'
ac_cv_path_GREP=/usr/bin/grep
ac_cv_path_PYTHON=/work/ess-zhangj/code/python2.6.9/bin/python
ac_cv_path_install='/usr/bin/install -c'
ac_cv_prog_AWK=gawk
ac_cv_prog_CPP='mpicc -E'
ac_cv_prog_CXXCPP='mpicxx -E'
ac_cv_prog_ac_ct_AR=ar
ac_cv_prog_ac_ct_CC=mpicc
ac_cv_prog_ac_ct_CXX=mpicxx
ac_cv_prog_ac_ct_RANLIB=ranlib
ac_cv_prog_ac_ct_STRIP=strip
ac_cv_prog_cc_c89=
ac_cv_prog_cc_g=yes
ac_cv_prog_cxx_g=yes
ac_cv_prog_make_make_set=yes
ac_cv_search_H5Fopen=-lhdf5
ac_cv_search_H5Pset_dxpl_mpio=no
ac_cv_search_MPI_Init='none required'
ac_cv_search_gzopen=-lz
ac_cv_search_sqrt=-lm
am_cv_CC_dependencies_compiler_type=gcc3
am_cv_CXX_dependencies_compiler_type=gcc3
am_cv_pathless_PYTHON=python
am_cv_python_platform=linux3
am_cv_python_pyexecdir='${exec_prefix}/lib/python2.6/site-packages'
am_cv_python_pythondir='${prefix}/lib/python2.6/site-packages'
am_cv_python_version=2.6
lt_cv_deplibs_check_method=pass_all
lt_cv_file_magic_cmd='$MAGIC_CMD'
lt_cv_file_magic_test_file='/lib/libc.so.6 /lib/libc-2.17.so'
lt_cv_ld_reload_flag=-r
lt_cv_objdir=.libs
lt_cv_path_LD=/usr/bin/ld
lt_cv_path_LDCXX='/usr/bin/ld -m elf_x86_64'
lt_cv_path_NM='/usr/bin/nm -B'
lt_cv_path_SED=/usr/bin/sed
lt_cv_prog_compiler_c_o=yes
lt_cv_prog_compiler_c_o_CXX=yes
lt_cv_prog_compiler_rtti_exceptions=no
lt_cv_prog_gnu_ld=yes
lt_cv_prog_gnu_ldcxx=yes
lt_cv_sys_global_symbol_pipe='sed -n -e '\''s/^.*[ 	]\([ABCDGIRSTW][ABCDGIRSTW]*\)[ 	][ 	]*\(\)\([_A-Za-z][_A-Za-z0-9]*\)$/\1 \2\3 \3/p'\'''
lt_cv_sys_global_symbol_to_c_name_address='sed -n -e '\''s/^: \([^ ]*\) $/  {\"\1\", (lt_ptr) 0},/p'\'' -e '\''s/^[BCDEGRST] \([^ ]*\) \([^ ]*\)$/  {"\2", (lt_ptr) \&\2},/p'\'''
lt_cv_sys_global_symbol_to_cdecl='sed -n -e '\''s/^. .* \(.*\)$/extern int \1;/p'\'''
lt_cv_sys_max_cmd_len=32768
lt_lt_cv_prog_compiler_c_o='"yes"'
lt_lt_cv_prog_compiler_c_o_CXX='"yes"'
lt_lt_cv_sys_global_symbol_pipe='"sed -n -e '\''s/^.*[ 	]\\([ABCDGIRSTW][ABCDGIRSTW]*\\)[ 	][ 	]*\\(\\)\\([_A-Za-z][_A-Za-z0-9]*\\)\$/\\1 \\2\\3 \\3/p'\''"'
lt_lt_cv_sys_global_symbol_to_c_name_address='"sed -n -e '\''s/^: \\([^ ]*\\) \$/  {\\\"\\1\\\", (lt_ptr) 0},/p'\'' -e '\''s/^[BCDEGRST] \\([^ ]*\\) \\([^ ]*\\)\$/  {\"\\2\", (lt_ptr) \\&\\2},/p'\''"'
lt_lt_cv_sys_global_symbol_to_cdecl='"sed -n -e '\''s/^. .* \\(.*\\)\$/extern int \\1;/p'\''"'

## ----------------- ##
## Output variables. ##
## ----------------- ##

ACLOCAL='${SHELL} /work/ess-zhangj/code/global_assimilation_phd_initial_slabs_craton_lower_mantle_clennett2019_v3/aux-config/missing --run aclocal-1.9'
AMDEPBACKSLASH='\'
AMDEP_FALSE='#'
AMDEP_TRUE=''
AMTAR='${SHELL} /work/ess-zhangj/code/global_assimilation_phd_initial_slabs_craton_lower_mantle_clennett2019_v3/aux-config/missing --run tar'
AR='ar'
AUTOCONF='${SHELL} /work/ess-zhangj/code/global_assimilation_phd_initial_slabs_craton_lower_mantle_clennett2019_v3/aux-config/missing --run autoconf'
AUTOHEADER='${SHELL} /work/ess-zhangj/code/global_assimilation_phd_initial_slabs_craton_lower_mantle_clennett2019_v3/aux-config/missing --run autoheader'
AUTOMAKE='${SHELL} /work/ess-zhangj/code/global_assimilation_phd_initial_slabs_craton_lower_mantle_clennett2019_v3/aux-config/missing --run automake-1.9'
AWK='gawk'
CC='mpicc'
CCDEPMODE='depmode=gcc3'
CFLAGS='-g -O2'
COND_EMBEDDING_FALSE='#'
COND_EMBEDDING_TRUE=''
COND_EXCHANGER_FALSE=''
COND_EXCHANGER_TRUE='#'
COND_HDF5_FALSE=''
COND_HDF5_TRUE='#'
COND_PYRE_FALSE='#'
COND_PYRE_TRUE=''
CPP='mpicc -E'
CPPFLAGS='-DUSE_GZDIR '
CXX='mpicxx'
CXXCPP='mpicxx -E'
CXXDEPMODE='depmode=gcc3'
CXXFLAGS='-g -O2'
CYGPATH_W='echo'
DEFS='-DHAVE_CONFIG_H'
DEPDIR='.deps'
ECHO='echo'
ECHO_C=''
ECHO_N='-n'
ECHO_T=''
EGREP='/usr/bin/grep -E'
EXEEXT=''
GREP='/usr/bin/grep'
INSTALL_DATA='${INSTALL} -m 644'
INSTALL_PROGRAM='${INSTALL}'
INSTALL_SCRIPT='${INSTALL}'
INSTALL_STRIP_PROGRAM='${SHELL} $(install_sh) -c -s'
LDFLAGS='-lz '
LIBOBJS=''
LIBS='-lz -lhdf5 -lm '
LIBTOOL='$(SHELL) $(top_builddir)/libtool'
LN_S='ln -s'
LTLIBOBJS=''
MAKEINFO='${SHELL} /work/ess-zhangj/code/global_assimilation_phd_initial_slabs_craton_lower_mantle_clennett2019_v3/aux-config/missing --run makeinfo'
OBJEXT='o'
PACKAGE='CitcomS'
PACKAGE_BUGREPORT='cig-mc@geodynamics.org'
PACKAGE_NAME='CitcomS'
PACKAGE_STRING='CitcomS 3.0.3'
PACKAGE_TARNAME='CitcomS'
PACKAGE_URL=''
PACKAGE_VERSION='3.0.3'
PATH_SEPARATOR=':'
PHDF5_HOME=''
PYCONFIG='$(top_builddir)/pyconfig'
PYTHON='/work/ess-zhangj/code/python2.6.9/bin/python'
PYTHONPATH='${prefix}/lib/python2.6/site-packages:${exec_prefix}/lib/python2.6/site-packages:/share/base/jube/2.2.1/lib/python2.7/site-packages'
PYTHON_BLDLIBRARY='-L/work/ess-zhangj/code/python2.6.9/lib/python2.6/config -lpython2.6'
PYTHON_EGG_CFLAGS=''
PYTHON_EGG_CPPFLAGS='-I/work/ess-zhangj/code/global_assimilation_phd_initial_slabs_craton_lower_mantle_clennett2019_v3/python/pythia-0.8.1.15-py2.6.egg'
PYTHON_EGG_LDFLAGS=''
PYTHON_EGG_LIBS=''
PYTHON_EGG_PYXFLAGS='-I/work/ess-zhangj/code/global_assimilation_phd_initial_slabs_craton_lower_mantle_clennett2019_v3/python/pythia-0.8.1.15-py2.6.egg/mpi'
PYTHON_EXEC_PREFIX='${exec_prefix}'
PYTHON_INCDIR='/work/ess-zhangj/code/python2.6.9/include/python2.6'
PYTHON_LA_LDFLAGS=''
PYTHON_LDFLAGS=''
PYTHON_LDLAST=''
PYTHON_LDLIBRARY='libpython2.6.a'
PYTHON_LIBDIR='/work/ess-zhangj/code/python2.6.9/lib'
PYTHON_LIBP='/work/ess-zhangj/code/python2.6.9/lib/python2.6'
PYTHON_LIBPL='/work/ess-zhangj/code/python2.6.9/lib/python2.6/config'
PYTHON_LIBS='-lpthread -ldl -lutil'
PYTHON_LINKFORSHARED='-Xlinker -export-dynamic'
PYTHON_MODLIBS=''
PYTHON_PLATFORM='linux3'
PYTHON_PREFIX='${prefix}'
PYTHON_SYSLIBS='-lm'
PYTHON_VERSION='2.6'
RANLIB='ranlib'
SET_MAKE=''
SHELL='/bin/sh'
STRIP='strip'
VERSION='3.0.3'
ac_ct_CC='mpicc'
ac_ct_CXX='mpicxx'
am__fastdepCC_FALSE='#'
am__fastdepCC_TRUE=''
am__fastdepCXX_FALSE='#'
am__fastdepCXX_TRUE=''
am__include='include'
am__leading_dot='.'
am__quote=''
am__tar='${AMTAR} chof - "$$tardir"'
am__untar='${AMTAR} xf -'
bindir='${exec_prefix}/bin'
build='x86_64-unknown-linux-gnu'
build_alias=''
build_cpu='x86_64'
build_os='linux-gnu'
build_vendor='unknown'
datadir='${datarootdir}'
datarootdir='${prefix}/share'
docdir='${datarootdir}/doc/${PACKAGE_TARNAME}'
dvidir='${docdir}'
exec_prefix='${prefix}'
host='x86_64-unknown-linux-gnu'
host_alias=''
host_cpu='x86_64'
host_os='linux-gnu'
host_vendor='unknown'
htmldir='${docdir}'
includedir='${prefix}/include'
infodir='${datarootdir}/info'
install_sh='/work/ess-zhangj/code/global_assimilation_phd_initial_slabs_craton_lower_mantle_clennett2019_v3/aux-config/install-sh'
libdir='${exec_prefix}/lib'
libexecdir='${exec_prefix}/libexec'
localedir='${datarootdir}/locale'
localstatedir='${prefix}/var'
mandir='${datarootdir}/man'
mkdir_p='mkdir -p --'
oldincludedir='/usr/include'
pdfdir='${docdir}'
pkgpyexecdir='${pyexecdir}/CitcomS'
pkgpythondir='${pythondir}/CitcomS'
pkgsysconfdir='${sysconfdir}/CitcomS'
prefix='/usr/local'
program_transform_name='s,x,x,'
psdir='${docdir}'
pyexecdir='${exec_prefix}/lib/python2.6/site-packages'
pythondir='${prefix}/lib/python2.6/site-packages'
sbindir='${exec_prefix}/sbin'
sharedstatedir='${prefix}/com'
sysconfdir='${prefix}/etc'
target_alias=''

## ----------- ##
## confdefs.h. ##
## ----------- ##

/* confdefs.h */
#define PACKAGE_NAME "CitcomS"
#define PACKAGE_TARNAME "CitcomS"
#define PACKAGE_VERSION "3.0.3"
#define PACKAGE_STRING "CitcomS 3.0.3"
#define PACKAGE_BUGREPORT "cig-mc@geodynamics.org"
#define PACKAGE_URL ""
#define PACKAGE "CitcomS"
#define VERSION "3.0.3"
#define STDC_HEADERS 1
#define HAVE_SYS_TYPES_H 1
#define HAVE_SYS_STAT_H 1
#define HAVE_STDLIB_H 1
#define HAVE_STRING_H 1
#define HAVE_MEMORY_H 1
#define HAVE_STRINGS_H 1
#define HAVE_INTTYPES_H 1
#define HAVE_STDINT_H 1
#define HAVE_UNISTD_H 1
#define HAVE_DLFCN_H 1
#define HAVE_MALLOC_H 1

configure: exit 0

## ---------------------- ##
## Running config.status. ##
## ---------------------- ##

This file was extended by CitcomS config.status 3.0.3, which was
generated by GNU Autoconf 2.69.  Invocation command line was

  CONFIG_FILES    = 
  CONFIG_HEADERS  = 
  CONFIG_LINKS    = 
  CONFIG_COMMANDS = 
  $ ./config.status lib/Makefile depfiles

on login02

config.status:913: creating lib/Makefile
config.status:1016: WARNING:  'lib/Makefile.in' seems to ignore the --datarootdir setting
config.status:1135: executing depfiles commands

## ---------------------- ##
## Running config.status. ##
## ---------------------- ##

This file was extended by CitcomS config.status 3.0.3, which was
generated by GNU Autoconf 2.69.  Invocation command line was

  CONFIG_FILES    = 
  CONFIG_HEADERS  = 
  CONFIG_LINKS    = 
  CONFIG_COMMANDS = 
  $ ./config.status lib/Makefile depfiles

on login05

config.status:913: creating lib/Makefile
config.status:1016: WARNING:  'lib/Makefile.in' seems to ignore the --datarootdir setting
config.status:1135: executing depfiles commands
