checking for a BSD-compatible install... /usr/bin/install -c
checking whether build environment is sane... yes
checking for gawk... gawk
checking whether make sets $(MAKE)... yes
checking for a Python interpreter with version >= 2.3... python
checking for python... /home/tan2/opt/python-2.5/bin/python
checking for python version... 2.5
checking for python platform... linux2
checking for python script directory... ${prefix}/lib/python2.5/site-packages
checking for python extension module directory... ${exec_prefix}/lib64/python2.5/site-packages
checking python sysconfig... ok
configure: downloading missing Python dependencies
configure: building Python dependencies
checking for egg-related flags... ok
checking for mpicc... mpicc
checking for C compiler default output file name... a.out
checking whether the C compiler works... yes
checking whether we are cross compiling... no
checking for suffix of executables... 
checking for suffix of object files... o
checking whether we are using the GNU C compiler... yes
checking whether mpicc accepts -g... yes
checking for mpicc option to accept ISO C89... none needed
checking for style of include used by make... GNU
checking dependency style of mpicc... gcc3
checking for mpicxx... mpicxx
checking whether we are using the GNU C++ compiler... yes
checking whether mpicxx accepts -g... yes
checking dependency style of mpicxx... gcc3
configure: creating pyconfig
checking build system type... x86_64-unknown-linux-gnu
checking host system type... x86_64-unknown-linux-gnu
checking for a sed that does not truncate output... /bin/sed
checking for grep that handles long lines and -e... /bin/grep
checking for egrep... /bin/grep -E
checking for ld used by mpicc... /usr/bin/ld
checking if the linker (/usr/bin/ld) is GNU ld... yes
checking for /usr/bin/ld option to reload object files... -r
checking for BSD-compatible nm... /usr/bin/nm -B
checking whether ln -s works... yes
checking how to recognise dependent libraries... pass_all
checking how to run the C preprocessor... mpicc -E
checking for ANSI C header files... yes
checking for sys/types.h... yes
checking for sys/stat.h... yes
checking for stdlib.h... yes
checking for string.h... yes
checking for memory.h... yes
checking for strings.h... yes
checking for inttypes.h... yes
checking for stdint.h... yes
checking for unistd.h... yes
checking dlfcn.h usability... yes
checking dlfcn.h presence... yes
checking for dlfcn.h... yes
checking how to run the C++ preprocessor... mpicxx -E
checking the maximum length of command line arguments... 32768
checking command to parse /usr/bin/nm -B output from mpicc object... ok
checking for objdir... .libs
checking for ar... ar
checking for ranlib... ranlib
checking for strip... strip
checking if mpicc supports -fno-rtti -fno-exceptions... no
checking for mpicc option to produce PIC... -fPIC
checking if mpicc PIC flag -fPIC works... yes
checking if mpicc static flag -static works... yes
checking if mpicc supports -c -o file.o... yes
checking whether the mpicc linker (/usr/bin/ld -m elf_x86_64) supports shared libraries... yes
checking whether -lc should be explicitly linked in... no
checking dynamic linker characteristics... GNU/Linux ld.so
checking how to hardcode library paths into programs... immediate
checking whether stripping libraries is possible... yes
checking if libtool supports shared libraries... yes
checking whether to build shared libraries... yes
checking whether to build static libraries... yes
configure: creating libtool
appending configuration tag "CXX" to libtool
checking for ld used by mpicxx... /usr/bin/ld -m elf_x86_64
checking if the linker (/usr/bin/ld -m elf_x86_64) is GNU ld... yes
checking whether the mpicxx linker (/usr/bin/ld -m elf_x86_64) supports shared libraries... yes
checking for mpicxx option to produce PIC... -fPIC
checking if mpicxx PIC flag -fPIC works... yes
checking if mpicxx static flag -static works... yes
checking if mpicxx supports -c -o file.o... yes
checking whether the mpicxx linker (/usr/bin/ld -m elf_x86_64) supports shared libraries... yes
checking dynamic linker characteristics... GNU/Linux ld.so
checking how to hardcode library paths into programs... immediate
appending configuration tag "F77" to libtool
checking for library containing MPI_Init... none required
checking for library containing sqrt... -lm
checking for library containing H5Fopen... -lhdf5
checking for library containing H5Pset_dxpl_mpio... no
configure: WARNING: parallel HDF5 library not found; disabling HDF5 support
checking for PyExchanger_exchangeBoundedBox... no
configure: WARNING: Exchanger library not found; disabling Exchanger support
checking mpi.h usability... yes
checking mpi.h presence... yes
checking for mpi.h... yes
checking malloc.h usability... yes
checking malloc.h presence... yes
checking for malloc.h... yes
checking for library containing gzopen... none required
configure: creating ./config.status
config.status: creating Makefile
config.status: creating bin/Makefile
config.status: creating CitcomS/Makefile
config.status: creating etc/Makefile
config.status: creating examples/Makefile
config.status: creating lib/Makefile
config.status: creating module/Makefile
config.status: creating module/Exchanger/Makefile
config.status: creating tests/Makefile
config.status: creating visual/Makefile
config.status: creating visual/OpenDXMacro/Makefile
config.status: creating config.h
config.status: executing depfiles commands



================ Configuration Summary ================
         PYTHON:  /home/tan2/opt/python-2.5/bin/python
         PYTHONPATH:  ${prefix}/lib/python2.5/site-packages:${exec_prefix}/lib64/python2.5/site-packages:/opt/rocks/lib/python/:
         CC:  mpicc
         CFLAGS:  -g -O2
         CPPFLAGS:  -DUSE_GZDIR
         CXX:  mpicxx
         CXXFLAGS:  -g -O2
         LDFLAGS:  -lz
         with-pyre:  yes
         with-exchanger:  no
         with-hdf5:  no
 
